<?xml version="1.0" encoding="UTF-8"?>
<!-- Generated by org.testng.reporters.JUnitXMLReporter -->
<testsuite ignored="0" hostname="MMT-MAC-8438.local" failures="0" tests="2" name="Default test" time="0.488" errors="0" timestamp="2021-07-19T10:47:04 IST">
  <testcase classname="test_scripts.TestUserSignUp" name="@BeforeMethod setUp" time="-1.626671824468E9">
    <failure type="org.testng.TestNGException" message="
Parameter &amp;apos;browserName&amp;apos; is required by BeforeMethod on method setUp but has not been marked @Optional or defined
in /private/var/folders/06/kr_7rfb5657c10b2h15d52s40000gq/T/testng-eclipse--828979343/testng-customsuite.xml">
      <![CDATA[org.testng.TestNGException: 
Parameter 'browserName' is required by BeforeMethod on method setUp but has not been marked @Optional or defined
in /private/var/folders/06/kr_7rfb5657c10b2h15d52s40000gq/T/testng-eclipse--828979343/testng-customsuite.xml
at org.testng.internal.Parameters.createParams(Parameters.java:272)
at org.testng.internal.Parameters.createParametersForMethod(Parameters.java:360)
at org.testng.internal.Parameters.createParameters(Parameters.java:704)
at org.testng.internal.Parameters.createConfigurationParameters(Parameters.java:166)
at org.testng.internal.ConfigInvoker.invokeConfigurations(ConfigInvoker.java:283)
at org.testng.internal.TestInvoker.runConfigMethods(TestInvoker.java:695)
at org.testng.internal.TestInvoker.invokeMethod(TestInvoker.java:523)
at org.testng.internal.TestInvoker.invokeTestMethod(TestInvoker.java:173)
at org.testng.internal.TestMethodWithDataProviderMethodWorker.call(TestMethodWithDataProviderMethodWorker.java:77)
at org.testng.internal.TestMethodWithDataProviderMethodWorker.call(TestMethodWithDataProviderMethodWorker.java:15)
at java.base/java.util.concurrent.FutureTask.run(FutureTask.java:264)
at java.base/java.util.concurrent.Executors$RunnableAdapter.call(Executors.java:515)
at java.base/java.util.concurrent.FutureTask.run(FutureTask.java:264)
at java.base/java.util.concurrent.ThreadPoolExecutor.runWorker(ThreadPoolExecutor.java:1130)
at java.base/java.util.concurrent.ThreadPoolExecutor$Worker.run(ThreadPoolExecutor.java:630)
at java.base/java.lang.Thread.run(Thread.java:832)
]]>
    </failure>
  </testcase> <!-- @BeforeMethod setUp -->
  <testcase classname="test_scripts.TestUserSignUp" name="@BeforeMethod setUp" time="-1.626671824479E9">
    <skipped/>
  </testcase> <!-- @BeforeMethod setUp -->
  <testcase classname="test_scripts.TestUserSignUp" name="validateNewUserSignupTest" time="0.0">
    <skipped/>
  </testcase> <!-- validateNewUserSignupTest -->
  <testcase classname="test_scripts.TestUserSignUp" name="validateRegisteredUserSignupTest" time="0.0">
    <skipped/>
  </testcase> <!-- validateRegisteredUserSignupTest -->
</testsuite> <!-- Default test -->
